{
  "RSpec": {
    "coverage": {
      "/home/den/Developer/task1/app/helpers/application_helper.rb": {
        "lines": [
          1,
          null
        ]
      },
      "/home/den/Developer/task1/app/helpers/bandwidths_helper.rb": {
        "lines": [
          1,
          null
        ]
      },
      "/home/den/Developer/task1/app/helpers/servers_helper.rb": {
        "lines": [
          1,
          null
        ]
      },
      "/home/den/Developer/task1/app/models/bandwidth.rb": {
        "lines": [
          1,
          1,
          null,
          1,
          null,
          1,
          null
        ]
      },
      "/home/den/Developer/task1/app/models/application_record.rb": {
        "lines": [
          1,
          1,
          null
        ]
      },
      "/home/den/Developer/task1/app/models/server.rb": {
        "lines": [
          1,
          1,
          null,
          1,
          null
        ]
      },
      "/home/den/Developer/task1/app/controllers/application_controller.rb": {
        "lines": [
          1,
          null
        ]
      },
      "/home/den/Developer/task1/app/controllers/bandwidths_controller.rb": {
        "lines": [
          1,
          1,
          1,
          null,
          null,
          1,
          1,
          null,
          null,
          null,
          1,
          null,
          null,
          1,
          0,
          0,
          0,
          0,
          null,
          null,
          null,
          1,
          null,
          null,
          1,
          0,
          null,
          null,
          null,
          1,
          0,
          null,
          null,
          1,
          1,
          null,
          null
        ]
      },
      "/home/den/Developer/task1/app/controllers/servers_controller.rb": {
        "lines": [
          1,
          1,
          1,
          null,
          null,
          null,
          null,
          1,
          1,
          null,
          null,
          null,
          null,
          1,
          null,
          null,
          1,
          0,
          0,
          0,
          0,
          0,
          null,
          null,
          null,
          null,
          1,
          null,
          null,
          1,
          0,
          null,
          null,
          null,
          1,
          0,
          null,
          null,
          1,
          0,
          null,
          null,
          null,
          null,
          null,
          null
        ]
      },
      "/home/den/Developer/task1/app/mailers/application_mailer.rb": {
        "lines": [
          0,
          0,
          0,
          0
        ],
        "branches": {
        }
      },
      "/home/den/Developer/task1/app/channels/application_cable/channel.rb": {
        "lines": [
          0,
          0,
          0,
          0
        ],
        "branches": {
        }
      },
      "/home/den/Developer/task1/app/channels/application_cable/connection.rb": {
        "lines": [
          0,
          0,
          0,
          0
        ],
        "branches": {
        }
      },
      "/home/den/Developer/task1/app/jobs/application_job.rb": {
        "lines": [
          0,
          null,
          null,
          null,
          null,
          null,
          0
        ],
        "branches": {
        }
      }
    },
    "timestamp": 1616371370
  }
}
